<?xml version="1.0" encoding="UTF-8"?>
<!-- Generated by org.testng.reporters.JUnitXMLReporter -->
<testsuite ignored="0" hostname="LAPTOP-2O0EF0F7" failures="0" tests="13" name="Default test" time="20.405" errors="0" timestamp="2023-09-14T16:34:59 IST">
  <testcase classname="Driver.ChromeBrowser" name="title" time="0.103"/>
  <testcase classname="SwagLabsTestcases.SwagLabLoginTestCases" name="UsernameSwaglabs" time="1.295"/>
  <testcase classname="SwagLabsTestcases.SwagLabLoginTestCases" name="PasswordSwaglabs" time="0.166"/>
  <testcase classname="SwagLabsTestcases.SwagLabLoginTestCases" name="DisplayImage" time="0.083"/>
  <testcase classname="SwagLabsTestcases.SwagLabLoginTestCases" name="ClickOnLoginButton" time="3.347"/>
  <testcase classname="SwagLabsTestcases.SwagLabsProductTestcases" name="ClickOnSauceLabsBackPack" time="3.655"/>
  <testcase classname="SwagLabsTestcases.SwagLabsProductTestcases" name="AddToCart" time="0.169"/>
  <testcase classname="SwagLabsTestcases.SwagLabsProductTestcases" name="CheckCart" time="0.328"/>
  <testcase classname="SwagLabsTestcases.SwagLabsProductTestcases" name="ClickOnRemoveButton" time="2.165"/>
  <testcase classname="SwagLabsTestcases.SwagLabsProductTestcases" name="ClickOnContinueShoppingButton" time="0.267"/>
  <testcase classname="SwagLabsTestcases.SwagLabsProductTestcases" name="CounTheProducts" time="0.784"/>
  <testcase classname="SwagLabsTestcases.SwagLabsProductTestcases" name="ClickOnMenuBar" time="0.129"/>
  <testcase classname="SwagLabsTestcases.SwagLabsProductTestcases" name="ClickOnLogOut" time="0.363"/>
</testsuite> <!-- Default test -->
