<?xml version="1.0" encoding="UTF-8"?>
<!-- Generated by org.testng.reporters.JUnitXMLReporter -->
<testsuite ignored="0" hostname="LAPTOP-2O0EF0F7" failures="0" tests="3" name="Default test" time="5.98" errors="0" timestamp="2023-09-12T18:23:11 IST">
  <testcase classname="Driver.ChromeBrowser" name="title" time="0.025"/>
  <testcase classname="SwagLabsTestcases.SwagLabLoginTestCases" name="UsernameSwaglabs" time="0.245"/>
  <testcase classname="SwagLabsTestcases.SwagLabLoginTestCases" name="PasswordSwaglabs" time="0.136"/>
</testsuite> <!-- Default test -->
