<?xml version="1.0" encoding="UTF-8"?>
<!-- Generated by org.testng.reporters.JUnitXMLReporter -->
<testsuite ignored="0" hostname="LAPTOP-2O0EF0F7" failures="0" tests="5" name="Test" time="13.111" errors="0" timestamp="2023-09-13T14:33:41 IST">
  <testcase classname="Driver.ChromeBrowser" name="title" time="0.037"/>
  <testcase classname="Driver.ChromeBrowser" name="title" time="0.024"/>
  <testcase classname="SwagLabsTestcases.SwagLabLoginTestCases" name="UsernameSwaglabs" time="0.599"/>
  <testcase classname="SwagLabsTestcases.SwagLabLoginTestCases" name="PasswordSwaglabs" time="0.186"/>
  <testcase classname="SwagLabsTestcases.SwagLabLoginTestCases" name="DisplayImage" time="0.119"/>
</testsuite> <!-- Test -->
