<?xml version="1.0" encoding="UTF-8"?>
<testng-results ignored="0" total="3" passed="3" failed="0" skipped="0">
  <reporter-output>
    <line>
      <![CDATA[Title is => Swag Labs]]>
    </line>
  </reporter-output>
  <suite started-at="2023-09-12T19:50:01 IST" name="Default suite" finished-at="2023-09-12T19:50:07 IST" duration-ms="5989">
    <groups>
    </groups>
    <test started-at="2023-09-12T19:50:01 IST" name="Default test" finished-at="2023-09-12T19:50:07 IST" duration-ms="5989">
      <class name="SwagLabsTestcases.SwagLabLoginTestCases">
        <test-method is-config="true" signature="ChromeDriver()[pri:0, instance:SwagLabsTestcases.SwagLabLoginTestCases@625732]" started-at="2023-09-12T19:50:01 IST" name="ChromeDriver" finished-at="2023-09-12T19:50:06 IST" duration-ms="5385" status="PASS">
          <reporter-output>
          </reporter-output>
        </test-method> <!-- ChromeDriver -->
        <test-method signature="title()[pri:0, instance:SwagLabsTestcases.SwagLabLoginTestCases@625732]" started-at="2023-09-12T19:50:06 IST" name="title" finished-at="2023-09-12T19:50:06 IST" duration-ms="79" status="PASS">
          <reporter-output>
            <line>
              <![CDATA[Title is => Swag Labs]]>
            </line>
          </reporter-output>
        </test-method> <!-- title -->
        <test-method signature="UsernameSwaglabs()[pri:1, instance:SwagLabsTestcases.SwagLabLoginTestCases@625732]" started-at="2023-09-12T19:50:06 IST" name="UsernameSwaglabs" finished-at="2023-09-12T19:50:07 IST" duration-ms="277" status="PASS">
          <reporter-output>
          </reporter-output>
        </test-method> <!-- UsernameSwaglabs -->
        <test-method signature="PasswordSwaglabs()[pri:2, instance:SwagLabsTestcases.SwagLabLoginTestCases@625732]" started-at="2023-09-12T19:50:07 IST" name="PasswordSwaglabs" finished-at="2023-09-12T19:50:07 IST" duration-ms="153" status="PASS">
          <reporter-output>
          </reporter-output>
        </test-method> <!-- PasswordSwaglabs -->
      </class> <!-- SwagLabsTestcases.SwagLabLoginTestCases -->
    </test> <!-- Default test -->
  </suite> <!-- Default suite -->
</testng-results>
